15:58:38 **** Build of configuration Debug for project stm32f429zi_printf ****
make -j12 all 
arm-none-eabi-gcc "../Drivers/STM32F4xx_HAL_Driver/Src/stm32f4xx_hal.c" -mcpu=cortex-m4 -std=gnu11 -g3 -c -O0 -ffunction-sections -fdata-sections -Wall -fstack-usage -fcyclomatic-complexity -MMD -MP -MF"Drivers/STM32F4xx_HAL_Driver/Src/stm32f4xx_hal.d" -MT"Drivers/STM32F4xx_HAL_Driver/Src/stm32f4xx_hal.o" --specs=nano.specs -mfpu=fpv4-sp-d16 -mfloat-abi=hard -mthumb -o "Drivers/STM32F4xx_HAL_Driver/Src/stm32f4xx_hal.o"
arm-none-eabi-gcc "../Drivers/STM32F4xx_HAL_Driver/Src/stm32f4xx_hal_cortex.c" -mcpu=cortex-m4 -std=gnu11 -g3 -c -O0 -ffunction-sections -fdata-sections -Wall -fstack-usage -fcyclomatic-complexity -MMD -MP -MF"Drivers/STM32F4xx_HAL_Driver/Src/stm32f4xx_hal_cortex.d" -MT"Drivers/STM32F4xx_HAL_Driver/Src/stm32f4xx_hal_cortex.o" --specs=nano.specs -mfpu=fpv4-sp-d16 -mfloat-abi=hard -mthumb -o "Drivers/STM32F4xx_HAL_Driver/Src/stm32f4xx_hal_cortex.o"
arm-none-eabi-gcc "../Drivers/STM32F4xx_HAL_Driver/Src/stm32f4xx_hal_dma.c" -mcpu=cortex-m4 -std=gnu11 -g3 -c -O0 -ffunction-sections -fdata-sections -Wall -fstack-usage -fcyclomatic-complexity -MMD -MP -MF"Drivers/STM32F4xx_HAL_Driver/Src/stm32f4xx_hal_dma.d" -MT"Drivers/STM32F4xx_HAL_Driver/Src/stm32f4xx_hal_dma.o" --specs=nano.specs -mfpu=fpv4-sp-d16 -mfloat-abi=hard -mthumb -o "Drivers/STM32F4xx_HAL_Driver/Src/stm32f4xx_hal_dma.o"
arm-none-eabi-gcc "../Drivers/STM32F4xx_HAL_Driver/Src/stm32f4xx_hal_dma_ex.c" -mcpu=cortex-m4 -std=gnu11 -g3 -c -O0 -ffunction-sections -fdata-sections -Wall -fstack-usage -fcyclomatic-complexity -MMD -MP -MF"Drivers/STM32F4xx_HAL_Driver/Src/stm32f4xx_hal_dma_ex.d" -MT"Drivers/STM32F4xx_HAL_Driver/Src/stm32f4xx_hal_dma_ex.o" --specs=nano.specs -mfpu=fpv4-sp-d16 -mfloat-abi=hard -mthumb -o "Drivers/STM32F4xx_HAL_Driver/Src/stm32f4xx_hal_dma_ex.o"
arm-none-eabi-gcc "../Drivers/STM32F4xx_HAL_Driver/Src/stm32f4xx_hal_eth.c" -mcpu=cortex-m4 -std=gnu11 -g3 -c -O0 -ffunction-sections -fdata-sections -Wall -fstack-usage -fcyclomatic-complexity -MMD -MP -MF"Drivers/STM32F4xx_HAL_Driver/Src/stm32f4xx_hal_eth.d" -MT"Drivers/STM32F4xx_HAL_Driver/Src/stm32f4xx_hal_eth.o" --specs=nano.specs -mfpu=fpv4-sp-d16 -mfloat-abi=hard -mthumb -o "Drivers/STM32F4xx_HAL_Driver/Src/stm32f4xx_hal_eth.o"
arm-none-eabi-gcc "../Drivers/STM32F4xx_HAL_Driver/Src/stm32f4xx_hal_exti.c" -mcpu=cortex-m4 -std=gnu11 -g3 -c -O0 -ffunction-sections -fdata-sections -Wall -fstack-usage -fcyclomatic-complexity -MMD -MP -MF"Drivers/STM32F4xx_HAL_Driver/Src/stm32f4xx_hal_exti.d" -MT"Drivers/STM32F4xx_HAL_Driver/Src/stm32f4xx_hal_exti.o" --specs=nano.specs -mfpu=fpv4-sp-d16 -mfloat-abi=hard -mthumb -o "Drivers/STM32F4xx_HAL_Driver/Src/stm32f4xx_hal_exti.o"
arm-none-eabi-gcc "../Drivers/STM32F4xx_HAL_Driver/Src/stm32f4xx_hal_flash.c" -mcpu=cortex-m4 -std=gnu11 -g3 -c -O0 -ffunction-sections -fdata-sections -Wall -fstack-usage -fcyclomatic-complexity -MMD -MP -MF"Drivers/STM32F4xx_HAL_Driver/Src/stm32f4xx_hal_flash.d" -MT"Drivers/STM32F4xx_HAL_Driver/Src/stm32f4xx_hal_flash.o" --specs=nano.specs -mfpu=fpv4-sp-d16 -mfloat-abi=hard -mthumb -o "Drivers/STM32F4xx_HAL_Driver/Src/stm32f4xx_hal_flash.o"
arm-none-eabi-gcc "../Drivers/STM32F4xx_HAL_Driver/Src/stm32f4xx_hal_flash_ex.c" -mcpu=cortex-m4 -std=gnu11 -g3 -c -O0 -ffunction-sections -fdata-sections -Wall -fstack-usage -fcyclomatic-complexity -MMD -MP -MF"Drivers/STM32F4xx_HAL_Driver/Src/stm32f4xx_hal_flash_ex.d" -MT"Drivers/STM32F4xx_HAL_Driver/Src/stm32f4xx_hal_flash_ex.o" --specs=nano.specs -mfpu=fpv4-sp-d16 -mfloat-abi=hard -mthumb -o "Drivers/STM32F4xx_HAL_Driver/Src/stm32f4xx_hal_flash_ex.o"
arm-none-eabi-gcc "../Drivers/STM32F4xx_HAL_Driver/Src/stm32f4xx_hal_flash_ramfunc.c" -mcpu=cortex-m4 -std=gnu11 -g3 -c -O0 -ffunction-sections -fdata-sections -Wall -fstack-usage -fcyclomatic-complexity -MMD -MP -MF"Drivers/STM32F4xx_HAL_Driver/Src/stm32f4xx_hal_flash_ramfunc.d" -MT"Drivers/STM32F4xx_HAL_Driver/Src/stm32f4xx_hal_flash_ramfunc.o" --specs=nano.specs -mfpu=fpv4-sp-d16 -mfloat-abi=hard -mthumb -o "Drivers/STM32F4xx_HAL_Driver/Src/stm32f4xx_hal_flash_ramfunc.o"
arm-none-eabi-gcc "../Drivers/STM32F4xx_HAL_Driver/Src/stm32f4xx_hal_gpio.c" -mcpu=cortex-m4 -std=gnu11 -g3 -c -O0 -ffunction-sections -fdata-sections -Wall -fstack-usage -fcyclomatic-complexity -MMD -MP -MF"Drivers/STM32F4xx_HAL_Driver/Src/stm32f4xx_hal_gpio.d" -MT"Drivers/STM32F4xx_HAL_Driver/Src/stm32f4xx_hal_gpio.o" --specs=nano.specs -mfpu=fpv4-sp-d16 -mfloat-abi=hard -mthumb -o "Drivers/STM32F4xx_HAL_Driver/Src/stm32f4xx_hal_gpio.o"
arm-none-eabi-gcc "../Drivers/STM32F4xx_HAL_Driver/Src/stm32f4xx_hal_pcd.c" -mcpu=cortex-m4 -std=gnu11 -g3 -c -O0 -ffunction-sections -fdata-sections -Wall -fstack-usage -fcyclomatic-complexity -MMD -MP -MF"Drivers/STM32F4xx_HAL_Driver/Src/stm32f4xx_hal_pcd.d" -MT"Drivers/STM32F4xx_HAL_Driver/Src/stm32f4xx_hal_pcd.o" --specs=nano.specs -mfpu=fpv4-sp-d16 -mfloat-abi=hard -mthumb -o "Drivers/STM32F4xx_HAL_Driver/Src/stm32f4xx_hal_pcd.o"
arm-none-eabi-gcc "../Drivers/STM32F4xx_HAL_Driver/Src/stm32f4xx_hal_pcd_ex.c" -mcpu=cortex-m4 -std=gnu11 -g3 -c -O0 -ffunction-sections -fdata-sections -Wall -fstack-usage -fcyclomatic-complexity -MMD -MP -MF"Drivers/STM32F4xx_HAL_Driver/Src/stm32f4xx_hal_pcd_ex.d" -MT"Drivers/STM32F4xx_HAL_Driver/Src/stm32f4xx_hal_pcd_ex.o" --specs=nano.specs -mfpu=fpv4-sp-d16 -mfloat-abi=hard -mthumb -o "Drivers/STM32F4xx_HAL_Driver/Src/stm32f4xx_hal_pcd_ex.o"
../Drivers/STM32F4xx_HAL_Driver/Src/stm32f4xx_hal_flash_ramfunc.c:47:10: fatal error: stm32f4xx_hal.h: No such file or directory
   47 | #include "stm32f4xx_hal.h"
      |          ^~~~~~~~~~~~~~~~~
../Drivers/STM32F4xx_HAL_Driver/Src/stm32f4xx_hal_dma_ex.c:39:10: fatal error: stm32f4xx_hal.h: No such file or directory
   39 | #include "stm32f4xx_hal.h"
      |          ^~~~~~~~~~~~~~~~~
../Drivers/STM32F4xx_HAL_Driver/Src/stm32f4xx_hal_cortex.c:81:10: fatal error: stm32f4xx_hal.h: No such file or directory
   81 | #include "stm32f4xx_hal.h"
      |          ^~~~~~~~~~~~~~~~~
compilation terminated.
compilation terminated.
../Drivers/STM32F4xx_HAL_Driver/Src/stm32f4xx_hal_dma.c:97:10: fatal error: stm32f4xx_hal.h: No such file or directory
   97 | #include "stm32f4xx_hal.h"
      |          ^~~~~~~~~~~~~~~~~
../Drivers/STM32F4xx_HAL_Driver/Src/stm32f4xx_hal_eth.c:178:10: fatal error: stm32f4xx_hal.h: No such file or directory
  178 | #include "stm32f4xx_hal.h"
      |          ^~~~~~~~~~~~~~~~~
../Drivers/STM32F4xx_HAL_Driver/Src/stm32f4xx_hal_exti.c:86:10: fatal error: stm32f4xx_hal.h: No such file or directory
   86 | #include "stm32f4xx_hal.h"
      |          ^~~~~~~~~~~~~~~~~
compilation terminated.
compilation terminated.
compilation terminated.
../Drivers/STM32F4xx_HAL_Driver/Src/stm32f4xx_hal_flash_ex.c:62:10: fatal error: stm32f4xx_hal.h: No such file or directory
   62 | #include "stm32f4xx_hal.h"
      |          ^~~~~~~~~~~~~~~~~
compilation terminated.
compilation terminated.
../Drivers/STM32F4xx_HAL_Driver/Src/stm32f4xx_hal_pcd.c:58:10: fatal error: stm32f4xx_hal.h: No such file or directory
   58 | #include "stm32f4xx_hal.h"
      |          ^~~~~~~~~~~~~~~~~
compilation terminated.
../Drivers/STM32F4xx_HAL_Driver/Src/stm32f4xx_hal_flash.c:76:10: fatal error: stm32f4xx_hal.h: No such file or directory
   76 | #include "stm32f4xx_hal.h"
      |          ^~~~~~~~~~~~~~~~~
compilation terminated.
../Drivers/STM32F4xx_HAL_Driver/Src/stm32f4xx_hal.c:36:10: fatal error: stm32f4xx_hal.h: No such file or directory
   36 | #include "stm32f4xx_hal.h"
      |          ^~~~~~~~~~~~~~~~~
compilation terminated.
../Drivers/STM32F4xx_HAL_Driver/Src/stm32f4xx_hal_gpio.c:108:10: fatal error: stm32f4xx_hal.h: No such file or directory
  108 | #include "stm32f4xx_hal.h"
      |          ^~~~~~~~~~~~~~~~~
compilation terminated.
../Drivers/STM32F4xx_HAL_Driver/Src/stm32f4xx_hal_pcd_ex.c:24:10: fatal error: stm32f4xx_hal.h: No such file or directory
   24 | #include "stm32f4xx_hal.h"
      |          ^~~~~~~~~~~~~~~~~
make: *** [Drivers/STM32F4xx_HAL_Driver/Src/subdir.mk:76: Drivers/STM32F4xx_HAL_Driver/Src/stm32f4xx_hal_dma_ex.o] Error 1
make: *** Waiting for unfinished jobs....
make: *** [Drivers/STM32F4xx_HAL_Driver/Src/subdir.mk:76: Drivers/STM32F4xx_HAL_Driver/Src/stm32f4xx_hal_eth.o] Error 1
make: *** [Drivers/STM32F4xx_HAL_Driver/Src/subdir.mk:76: Drivers/STM32F4xx_HAL_Driver/Src/stm32f4xx_hal_flash_ex.o] Error 1
compilation terminated.
make: *** [Drivers/STM32F4xx_HAL_Driver/Src/subdir.mk:76: Drivers/STM32F4xx_HAL_Driver/Src/stm32f4xx_hal_cortex.o] Error 1
make: *** [Drivers/STM32F4xx_HAL_Driver/Src/subdir.mk:76: Drivers/STM32F4xx_HAL_Driver/Src/stm32f4xx_hal_exti.o] Error 1
make: *** [Drivers/STM32F4xx_HAL_Driver/Src/subdir.mk:76: Drivers/STM32F4xx_HAL_Driver/Src/stm32f4xx_hal.o] Error 1
make: *** [Drivers/STM32F4xx_HAL_Driver/Src/subdir.mk:76: Drivers/STM32F4xx_HAL_Driver/Src/stm32f4xx_hal_dma.o] Error 1
make: *** [Drivers/STM32F4xx_HAL_Driver/Src/subdir.mk:76: Drivers/STM32F4xx_HAL_Driver/Src/stm32f4xx_hal_flash.o] Error 1
make: *** [Drivers/STM32F4xx_HAL_Driver/Src/subdir.mk:76: Drivers/STM32F4xx_HAL_Driver/Src/stm32f4xx_hal_flash_ramfunc.o] Error 1
make: *** [Drivers/STM32F4xx_HAL_Driver/Src/subdir.mk:76: Drivers/STM32F4xx_HAL_Driver/Src/stm32f4xx_hal_gpio.o] Error 1
make: *** [Drivers/STM32F4xx_HAL_Driver/Src/subdir.mk:76: Drivers/STM32F4xx_HAL_Driver/Src/stm32f4xx_hal_pcd_ex.o] Error 1
make: *** [Drivers/STM32F4xx_HAL_Driver/Src/subdir.mk:76: Drivers/STM32F4xx_HAL_Driver/Src/stm32f4xx_hal_pcd.o] Error 1
"make -j12 all" terminated with exit code 2. Build might be incomplete.

15:58:38 Build Failed. 25 errors, 0 warnings. (took 530ms)

